(0000) 3000  0011000000000000 (   1)                 .ORIG x3000
(3000) E03E  1110000000111110 (   3)                 LEA   R0 PROMPT
(3001) F022  1111000000100010 (   4)                 TRAP  x22
(3002) E42B  1110010000101011 (   6)                 LEA   R2 INPUT
(3003) F020  1111000000100000 (   7) LP1             TRAP  x20
(3004) F021  1111000000100001 (   8)                 TRAP  x21
(3005) 7080  0111000010000000 (   9)                 STR   R0 R2 #0
(3006) 14A1  0001010010100001 (  10)                 ADD   R2 R2 #1
(3007) 2236  0010001000110110 (  11)                 LD    R1 NENTER
(3008) 1001  0001000000000001 (  12)                 ADD   R0 R0 R1
(3009) 0BF9  0000101111111001 (  13)                 BRNP  LP1
(300A) 2222  0010001000100010 (  15)                 LD    R1 PTR
(300B) 6240  0110001001000000 (  16)                 LDR   R1 R1 #0
(300C) 041D  0000010000011101 (  17) LP6             BRZ   EXIT
(300D) 1461  0001010001100001 (  19)                 ADD   R2 R1 #1
(300E) 6680  0110011010000000 (  20)                 LDR   R3 R2 #0
(300F) E81E  1110100000011110 (  21)                 LEA   R4 INPUT
(3010) 6AC0  0110101011000000 (  23)                 LDR   R5 R3 #0
(3011) 6D00  0110110100000000 (  24)                 LDR   R6 R4 #0
(3012) 9F7F  1001111101111111 (  26) LP2             NOT   R7 R5
(3013) 1FE1  0001111111100001 (  27)                 ADD   R7 R7 #1
(3014) 1DC6  0001110111000110 (  29)                 ADD   R6 R7 R6
(3015) 0A12  0000101000010010 (  31)                 BRNP  LP5
(3016) 5020  0101000000100000 (  33)                 AND   R0 R0 #0
(3017) 16E1  0001011011100001 (  35)                 ADD   R3 R3 #1
(3018) 6AC0  0110101011000000 (  36)                 LDR   R5 R3 #0
(3019) 0A01  0000101000000001 (  37)                 BRNP  LP3
(301A) 1021  0001000000100001 (  38)                 ADD   R0 R0 #1
(301B) 1921  0001100100100001 (  39) LP3             ADD   R4 R4 #1
(301C) 6D00  0110110100000000 (  40)                 LDR   R6 R4 #0
(301D) 2E20  0010111000100000 (  42)                 LD    R7 NENTER
(301E) 1FC6  0001111111000110 (  43)                 ADD   R7 R7 R6
(301F) 0A01  0000101000000001 (  45)                 BRNP  LP4
(3020) 1021  0001000000100001 (  47)                 ADD   R0 R0 #1
(3021) 103F  0001000000111111 (  49) LP4             ADD   R0 R0 #-1
(3022) 0405  0000010000000101 (  51)                 BRZ   LP5
(3023) 09EE  0000100111101110 (  52)                 BRN   LP2
(3024) 14A1  0001010010100001 (  54)                 ADD   R2 R2 #1
(3025) 6080  0110000010000000 (  56)                 LDR   R0 R2 #0
(3026) F022  1111000000100010 (  58)                 TRAP  x22
(3027) 0E04  0000111000000100 (  59)                 BRNZP EXIT2
(3028) 6240  0110001001000000 (  61) LP5             LDR   R1 R1 #0
(3029) 0FE2  0000111111100010 (  62)                 BRNZP LP6
(302A) E038  1110000000111000 (  64) EXIT            LEA   R0 NE
(302B) F022  1111000000100010 (  65)                 TRAP  x22
(302C) F025  1111000000100101 (  67) EXIT2           TRAP  x25
(302D) 3300  0011001100000000 (  70) PTR             .FILL x3300
(302E) 0000  0000000000000000 (  73) INPUT           .FILL x0000
(302F) 0000  0000000000000000 (  73)                 .FILL x0000
(3030) 0000  0000000000000000 (  73)                 .FILL x0000
(3031) 0000  0000000000000000 (  73)                 .FILL x0000
(3032) 0000  0000000000000000 (  73)                 .FILL x0000
(3033) 0000  0000000000000000 (  73)                 .FILL x0000
(3034) 0000  0000000000000000 (  73)                 .FILL x0000
(3035) 0000  0000000000000000 (  73)                 .FILL x0000
(3036) 0000  0000000000000000 (  73)                 .FILL x0000
(3037) 0000  0000000000000000 (  73)                 .FILL x0000
(3038) 0000  0000000000000000 (  73)                 .FILL x0000
(3039) 0000  0000000000000000 (  73)                 .FILL x0000
(303A) 0000  0000000000000000 (  73)                 .FILL x0000
(303B) 0000  0000000000000000 (  73)                 .FILL x0000
(303C) 0000  0000000000000000 (  73)                 .FILL x0000
(303D) 0000  0000000000000000 (  73)                 .FILL x0000
(303E) FFF6  1111111111110110 (  73) NENTER          .FILL xFFF6
(303F) 0054  0000000001010100 (  74) PROMPT          .FILL x0054
(3040) 0079  0000000001111001 (  74)                 .FILL x0079
(3041) 0070  0000000001110000 (  74)                 .FILL x0070
(3042) 0065  0000000001100101 (  74)                 .FILL x0065
(3043) 0020  0000000000100000 (  74)                 .FILL x0020
(3044) 0061  0000000001100001 (  74)                 .FILL x0061
(3045) 0020  0000000000100000 (  74)                 .FILL x0020
(3046) 0072  0000000001110010 (  74)                 .FILL x0072
(3047) 006F  0000000001101111 (  74)                 .FILL x006F
(3048) 006F  0000000001101111 (  74)                 .FILL x006F
(3049) 006D  0000000001101101 (  74)                 .FILL x006D
(304A) 0020  0000000000100000 (  74)                 .FILL x0020
(304B) 006E  0000000001101110 (  74)                 .FILL x006E
(304C) 0075  0000000001110101 (  74)                 .FILL x0075
(304D) 006D  0000000001101101 (  74)                 .FILL x006D
(304E) 0062  0000000001100010 (  74)                 .FILL x0062
(304F) 0065  0000000001100101 (  74)                 .FILL x0065
(3050) 0072  0000000001110010 (  74)                 .FILL x0072
(3051) 0020  0000000000100000 (  74)                 .FILL x0020
(3052) 0061  0000000001100001 (  74)                 .FILL x0061
(3053) 006E  0000000001101110 (  74)                 .FILL x006E
(3054) 0064  0000000001100100 (  74)                 .FILL x0064
(3055) 0020  0000000000100000 (  74)                 .FILL x0020
(3056) 0070  0000000001110000 (  74)                 .FILL x0070
(3057) 0072  0000000001110010 (  74)                 .FILL x0072
(3058) 0065  0000000001100101 (  74)                 .FILL x0065
(3059) 0073  0000000001110011 (  74)                 .FILL x0073
(305A) 0073  0000000001110011 (  74)                 .FILL x0073
(305B) 0020  0000000000100000 (  74)                 .FILL x0020
(305C) 0045  0000000001000101 (  74)                 .FILL x0045
(305D) 006E  0000000001101110 (  74)                 .FILL x006E
(305E) 0074  0000000001110100 (  74)                 .FILL x0074
(305F) 0065  0000000001100101 (  74)                 .FILL x0065
(3060) 0072  0000000001110010 (  74)                 .FILL x0072
(3061) 003A  0000000000111010 (  74)                 .FILL x003A
(3062) 0000  0000000000000000 (  74)                 .FILL x0000
(3063) 004E  0000000001001110 (  75) NE              .FILL x004E
(3064) 006F  0000000001101111 (  75)                 .FILL x006F
(3065) 0020  0000000000100000 (  75)                 .FILL x0020
(3066) 0045  0000000001000101 (  75)                 .FILL x0045
(3067) 006E  0000000001101110 (  75)                 .FILL x006E
(3068) 0074  0000000001110100 (  75)                 .FILL x0074
(3069) 0072  0000000001110010 (  75)                 .FILL x0072
(306A) 0079  0000000001111001 (  75)                 .FILL x0079
(306B) 0000  0000000000000000 (  75)                 .FILL x0000
